\BOOKMARK [1][-]{section.1}{Introduction}{}% 1
\BOOKMARK [1][-]{section.2}{EM Algorithm}{}% 2
\BOOKMARK [2][-]{subsection.2.1}{Convergence}{section.2}% 3
\BOOKMARK [1][-]{section.3}{QN2 Algorithm}{}% 4
\BOOKMARK [2][-]{subsection.3.1}{Constraints}{section.3}% 5
\BOOKMARK [2][-]{subsection.3.2}{Sequential Quadratic Programming Method of QN2}{section.3}% 6
\BOOKMARK [2][-]{subsection.3.3}{Line Search}{section.3}% 7
\BOOKMARK [2][-]{subsection.3.4}{Convergence}{section.3}% 8
\BOOKMARK [2][-]{subsection.3.5}{Termination}{section.3}% 9
\BOOKMARK [2][-]{subsection.3.6}{Initialization}{section.3}% 10
\BOOKMARK [2][-]{subsection.3.7}{Algorithm Summary}{section.3}% 11
\BOOKMARK [1][-]{section.4}{Mixture of Poissons}{}% 12
\BOOKMARK [2][-]{subsection.4.1}{Computing Poisson Densities}{section.4}% 13
\BOOKMARK [1][-]{section.5}{Comparison of EM and QN2 SQP on Mixtures of Poissons}{}% 14
\BOOKMARK [2][-]{subsection.5.1}{Random Problem Generator}{section.5}% 15
\BOOKMARK [2][-]{subsection.5.2}{Initialization}{section.5}% 16
\BOOKMARK [2][-]{subsection.5.3}{Results: Size 2 Mixtures}{section.5}% 17
\BOOKMARK [2][-]{subsection.5.4}{Results: Size 5 Mixtures}{section.5}% 18
\BOOKMARK [2][-]{subsection.5.5}{Results: Size 10 Mixtures}{section.5}% 19
\BOOKMARK [2][-]{subsection.5.6}{Discussion}{section.5}% 20
\BOOKMARK [1][-]{section.6}{Supplementary Files}{}% 21
